<?xml version="1.0" encoding="UTF-8"?>
<testsuite xmlns:xsi="http://www.w3.org/2001/XMLSchema-instance" xsi:noNamespaceSchemaLocation="https://maven.apache.org/surefire/maven-surefire-plugin/xsd/surefire-test-report-3.0.xsd" version="3.0" name="com.appTurnosMedicos.servicio.RegistroPacienteTest" time="1.45" tests="1" errors="0" skipped="0" failures="0">
  <properties>
[...]
</properties>
  <testcase name="testRegistroPacienteExitoso" classname="com.appTurnosMedicos.servicio.RegistroPacienteTest" time="1.412">
    <system-out><![CDATA[22:29:01.814 [main] INFO com.appTurnosMedicos.servicio.RegistroPaciente -- Paciente creado exitosamente: 12345678
22:29:01.915 [main] INFO com.appTurnosMedicos.servicio.RegistroPaciente -- Usuario creado exitosamente: 12345678
]]></system-out>
    <system-err><![CDATA[WARNING: A Java agent has been loaded dynamically (C:\Users\Ivi\.m2\repository\net\bytebuddy\byte-buddy-agent\1.14.15\byte-buddy-agent-1.14.15.jar)
WARNING: If a serviceability tool is in use, please run with -XX:+EnableDynamicAgentLoading to hide this warning
WARNING: If a serviceability tool is not in use, please run with -Djdk.instrument.traceUsage for more information
WARNING: Dynamic loading of agents will be disallowed by default in a future release
]]></system-err>
  </testcase>
</testsuite>